2020-04-27 21:55:05,778 - instabot version: 0.117.0 (bot) - INFO - Instabot version: 0.117.0 Started
2020-04-27 21:55:05,779 - instabot version: 0.117.0 (bot) - DEBUG - Bot imported from C:\Users\Simome\AppData\Local\Programs\Python\Python36\lib\site-packages\instabot\bot\bot.py
2020-04-27 21:55:05,782 - instabot version: 0.117.0 (api_login) - DEBUG - Loading cookies
2020-04-27 21:55:05,782 - instabot version: 0.117.0 (api_login) - DEBUG - Loading uuids
2020-04-27 21:55:05,783 - instabot version: 0.117.0 (api_login) - INFO - Recovery from C:\Users\Simome\Desktop\git\Python\Python\Instagram Project/config/teste131570_uuid_and_cookie.json: COOKIE True - UUIDs True - TIMING, DEVICE and ...
- user-agent=Instagram 117.0.0.28.123 Android (28/9.0; 420dpi; 1080x1920; OnePlus; ONEPLUS A3003; OnePlus3; qcom; en_US; 180322800)
- phone_id=916281c0-c0de-4b38-bd31-613dfc53a837
- uuid=326ee2c7-3e45-4f5e-aa10-4440597b5b8e
- client_session_id=0564d719-5178-48d7-bb6b-351e645e651a
- device_id=android-ad9c377756647719
2020-04-27 21:55:05,784 - instabot version: 0.117.0 (api_login) - INFO - LOGIN FLOW! Just logged-in: False
2020-04-27 21:55:07,516 - instabot version: 0.117.0 (api) - DEBUG - POST to endpoint: feed/timeline/ returned response: <Response [200]>
2020-04-27 21:55:07,979 - instabot version: 0.117.0 (api) - DEBUG - POST to endpoint: feed/reels_tray/ returned response: <Response [200]>
2020-04-27 21:55:07,980 - instabot version: 0.117.0 (api) - INFO - Logged-in successfully as 'teste131570'!
2020-04-27 21:55:07,981 - instabot version: 0.117.0 (bot_checkpoint) - DEBUG - Loading Checkpoint file from: C:\Users\Simome\Desktop\git\Python\Python\Instagram Project/config/teste131570.checkpoint
2020-04-27 21:55:08,496 - instabot version: 0.117.0 (api) - DEBUG - GET to endpoint: feed/user/5583451640/?max_id=&min_timestamp=None&rank_token=33452870298_326ee2c7-3e45-4f5e-aa10-4440597b5b8e&ranked_content=true returned response: <Response [200]>
2020-04-27 21:55:08,499 - instabot version: 0.117.0 (bot_filter) - INFO - Received 12 medias.
2020-04-27 21:55:08,500 - instabot version: 0.117.0 (bot_filter) - INFO - After filtration 0 medias left.
2020-04-27 21:55:08,502 - instabot version: 0.117.0 (bot_checkpoint) - DEBUG - Saving Checkpoint file to: C:\Users\Simome\Desktop\git\Python\Python\Instagram Project/config/teste131570.checkpoint
2020-04-27 21:55:08,505 - instabot version: 0.117.0 (bot) - INFO - Total requests: 9
