2020-04-27 17:54:35,679 - instabot version: 0.117.0 (bot) - INFO - Instabot version: 0.117.0 Started
2020-04-27 17:54:35,707 - instabot version: 0.117.0 (bot) - DEBUG - Bot imported from C:\Users\simone\AppData\Local\Programs\Python\Python38-32\lib\site-packages\instabot\bot\bot.py
2020-04-27 17:54:35,763 - instabot version: 0.117.0 (api_login) - DEBUG - Loading cookies
2020-04-27 17:54:35,763 - instabot version: 0.117.0 (api_login) - DEBUG - Loading uuids
2020-04-27 17:54:35,764 - instabot version: 0.117.0 (api_login) - INFO - Recovery from C:\Users\simone\Desktop\git\Python\Python\Instagram Project/config/teste131570_uuid_and_cookie.json: COOKIE True - UUIDs True - TIMING, DEVICE and ...
- user-agent=Instagram 117.0.0.28.123 Android (28/9.0; 420dpi; 1080x1920; OnePlus; ONEPLUS A3003; OnePlus3; qcom; en_US; 180322800)
- phone_id=916281c0-c0de-4b38-bd31-613dfc53a837
- uuid=326ee2c7-3e45-4f5e-aa10-4440597b5b8e
- client_session_id=df2c0b19-ab25-4c75-98e1-c2c27cb7956b
- device_id=android-ad9c377756647719
2020-04-27 17:54:35,767 - instabot version: 0.117.0 (api_login) - INFO - LOGIN FLOW! Just logged-in: False
2020-04-27 17:54:38,536 - instabot version: 0.117.0 (api) - DEBUG - POST to endpoint: feed/timeline/ returned response: <Response [200]>
2020-04-27 17:54:39,111 - instabot version: 0.117.0 (api) - DEBUG - POST to endpoint: feed/reels_tray/ returned response: <Response [200]>
2020-04-27 17:54:39,592 - instabot version: 0.117.0 (api) - DEBUG - POST to endpoint: direct_v2/ranked_recipients/ returned response: <Response [200]>
2020-04-27 17:54:39,992 - instabot version: 0.117.0 (api) - DEBUG - POST to endpoint: direct_v2/ranked_recipients/ returned response: <Response [200]>
2020-04-27 17:54:40,418 - instabot version: 0.117.0 (api) - DEBUG - POST to endpoint: direct_v2/inbox/ returned response: <Response [200]>
2020-04-27 17:54:40,913 - instabot version: 0.117.0 (api) - DEBUG - GET to endpoint: direct_v2/get_presence/ returned response: <Response [200]>
2020-04-27 17:54:41,920 - instabot version: 0.117.0 (api) - DEBUG - GET to endpoint: news/inbox/?limited_activity=true&show_su=true returned response: <Response [200]>
2020-04-27 17:54:42,311 - instabot version: 0.117.0 (api) - DEBUG - GET to endpoint: users/profile_notice/ returned response: <Response [200]>
2020-04-27 17:54:45,970 - instabot version: 0.117.0 (api) - DEBUG - POST to endpoint: discover/explore/ returned response: <Response [200]>
2020-04-27 17:54:45,978 - instabot version: 0.117.0 (api) - INFO - Logged-in successfully as 'teste131570'!
2020-04-27 17:54:45,978 - instabot version: 0.117.0 (bot_checkpoint) - DEBUG - Loading Checkpoint file from: C:\Users\simone\Desktop\git\Python\Python\Instagram Project/config/teste131570.checkpoint
2020-04-27 17:54:49,879 - instabot version: 0.117.0 (api) - DEBUG - GET to endpoint: feed/tag/motivação/?max_id=&rank_token=33452870298_326ee2c7-3e45-4f5e-aa10-4440597b5b8e&ranked_content=true& returned response: <Response [200]>
2020-04-27 17:54:50,763 - instabot version: 0.117.0 (api) - DEBUG - GET to endpoint: feed/tag/motivação/?max_id=QVFCbnNQY1NqczlyT2k3QnNoVHhBdXpRYnFHcV9WUDM2WmF3QXJyYUk1cWpYeVJENDRMRk80OWtsdlZTS0RXaURUcmV1VURibnVYMkh4V2oySE92Z0ZZZw==&rank_token=33452870298_326ee2c7-3e45-4f5e-aa10-4440597b5b8e&ranked_content=true& returned response: <Response [200]>
2020-04-27 17:54:51,662 - instabot version: 0.117.0 (api) - DEBUG - GET to endpoint: feed/tag/motivação/?max_id=QVFCLXcwWG10ZVlkMFVaUUpuNFVqMFYyVWpKSHU0REY5WnVySUY1WWJ6LTZQQWNuRjRDbmczYjZZMFBoYmpkRzBkbk1FRVRzdExGb3ZuaE9sSTlZSGJYeg==&rank_token=33452870298_326ee2c7-3e45-4f5e-aa10-4440597b5b8e&ranked_content=true& returned response: <Response [200]>
2020-04-27 17:54:51,662 - instabot version: 0.117.0 (bot_checkpoint) - DEBUG - Saving Checkpoint file to: C:\Users\simone\Desktop\git\Python\Python\Instagram Project/config/teste131570.checkpoint
2020-04-27 17:54:51,662 - instabot version: 0.117.0 (bot) - INFO - Total requests: 47
