2020-04-27 21:42:55,213 - instabot version: 0.117.0 (bot) - INFO - Instabot version: 0.117.0 Started
2020-04-27 21:42:55,214 - instabot version: 0.117.0 (bot) - DEBUG - Bot imported from C:\Users\Simome\AppData\Local\Programs\Python\Python36\lib\site-packages\instabot\bot\bot.py
2020-04-27 21:42:55,215 - instabot version: 0.117.0 (api_login) - DEBUG - Loading cookies
2020-04-27 21:42:55,215 - instabot version: 0.117.0 (api_login) - DEBUG - Loading uuids
2020-04-27 21:42:55,215 - instabot version: 0.117.0 (api_login) - INFO - Recovery from C:\Users\Simome\Desktop\git\Python\Python\Instagram Project/config/teste131570_uuid_and_cookie.json: COOKIE True - UUIDs True - TIMING, DEVICE and ...
- user-agent=Instagram 117.0.0.28.123 Android (28/9.0; 420dpi; 1080x1920; OnePlus; ONEPLUS A3003; OnePlus3; qcom; en_US; 180322800)
- phone_id=916281c0-c0de-4b38-bd31-613dfc53a837
- uuid=326ee2c7-3e45-4f5e-aa10-4440597b5b8e
- client_session_id=0564d719-5178-48d7-bb6b-351e645e651a
- device_id=android-ad9c377756647719
2020-04-27 21:42:55,218 - instabot version: 0.117.0 (api_login) - INFO - LOGIN FLOW! Just logged-in: False
2020-04-27 21:43:17,323 - instabot version: 0.117.0 (api) - DEBUG - POST to endpoint: feed/timeline/ returned response: <Response [200]>
2020-04-27 21:43:17,731 - instabot version: 0.117.0 (api) - DEBUG - POST to endpoint: feed/reels_tray/ returned response: <Response [200]>
2020-04-27 21:43:17,736 - instabot version: 0.117.0 (api) - INFO - Logged-in successfully as 'teste131570'!
2020-04-27 21:43:17,738 - instabot version: 0.117.0 (bot_checkpoint) - DEBUG - Loading Checkpoint file from: C:\Users\Simome\Desktop\git\Python\Python\Instagram Project/config/teste131570.checkpoint
2020-04-27 21:43:18,240 - instabot version: 0.117.0 (api) - DEBUG - GET to endpoint: users/forade_serie/usernameinfo/ returned response: <Response [200]>
2020-04-27 21:43:19,062 - instabot version: 0.117.0 (api) - DEBUG - GET to endpoint: users/homemdevalor.br/usernameinfo/ returned response: <Response [200]>
2020-04-27 21:43:19,743 - instabot version: 0.117.0 (api) - DEBUG - GET to endpoint: users/negociosmilionarios/usernameinfo/ returned response: <Response [200]>
2020-04-27 21:43:20,903 - instabot version: 0.117.0 (api) - DEBUG - GET to endpoint: users/mindsetbrasil/usernameinfo/ returned response: <Response [200]>
2020-04-27 21:43:21,620 - instabot version: 0.117.0 (api) - DEBUG - GET to endpoint: users/mentedesucessoo/usernameinfo/ returned response: <Response [200]>
2020-04-27 21:43:22,254 - instabot version: 0.117.0 (bot_checkpoint) - DEBUG - Saving Checkpoint file to: C:\Users\Simome\Desktop\git\Python\Python\Instagram Project/config/teste131570.checkpoint
2020-04-27 21:43:22,255 - instabot version: 0.117.0 (bot) - INFO - Total requests: 8
