2020-04-27 15:58:14,259 - instabot version: 0.117.0 (bot) - INFO - Instabot version: 0.117.0 Started
2020-04-27 15:58:14,260 - instabot version: 0.117.0 (bot) - DEBUG - Bot imported from C:\Users\Simome\AppData\Local\Programs\Python\Python36\lib\site-packages\instabot\bot\bot.py
2020-04-27 15:58:14,260 - instabot version: 0.117.0 (api_login) - DEBUG - Loading cookies
2020-04-27 15:58:14,260 - instabot version: 0.117.0 (api_login) - DEBUG - Loading uuids
2020-04-27 15:58:14,260 - instabot version: 0.117.0 (api_login) - INFO - Recovery from C:\Users\Simome\Desktop\git\Python\Python\Instagram Project/config/teste131570_uuid_and_cookie.json: COOKIE True - UUIDs True - TIMING, DEVICE and ...
- user-agent=Instagram 117.0.0.28.123 Android (28/9.0; 420dpi; 1080x1920; OnePlus; ONEPLUS A3003; OnePlus3; qcom; en_US; 180322800)
- phone_id=916281c0-c0de-4b38-bd31-613dfc53a837
- uuid=326ee2c7-3e45-4f5e-aa10-4440597b5b8e
- client_session_id=df2c0b19-ab25-4c75-98e1-c2c27cb7956b
- device_id=android-ad9c377756647719
2020-04-27 15:58:14,262 - instabot version: 0.117.0 (api_login) - INFO - LOGIN FLOW! Just logged-in: False
2020-04-27 15:58:15,757 - instabot version: 0.117.0 (api) - DEBUG - POST to endpoint: feed/timeline/ returned response: <Response [200]>
2020-04-27 15:58:16,161 - instabot version: 0.117.0 (api) - DEBUG - POST to endpoint: feed/reels_tray/ returned response: <Response [200]>
2020-04-27 15:58:16,164 - instabot version: 0.117.0 (api) - INFO - Logged-in successfully as 'teste131570'!
2020-04-27 15:58:16,165 - instabot version: 0.117.0 (bot_checkpoint) - DEBUG - Loading Checkpoint file from: C:\Users\Simome\Desktop\git\Python\Python\Instagram Project/config/teste131570.checkpoint
2020-04-27 15:58:19,072 - instabot version: 0.117.0 (api) - DEBUG - GET to endpoint: feed/tag/motivação/?max_id=&rank_token=33452870298_326ee2c7-3e45-4f5e-aa10-4440597b5b8e&ranked_content=true& returned response: <Response [200]>
2020-04-27 15:58:19,854 - instabot version: 0.117.0 (api) - DEBUG - GET to endpoint: feed/tag/motivação/?max_id=QVFBYVBZV2RLZHJXZ2dobUY2SnJqQ2l2WGlvTXd5ZGR5SGhhV1NId0hKQVFRRzV4UWsyc3Nzc0p4Q3g1WG1nWEZ6OHpQOFR2dDlLUTRFTGdkdGlQVHpMbQ==&rank_token=33452870298_326ee2c7-3e45-4f5e-aa10-4440597b5b8e&ranked_content=true& returned response: <Response [200]>
2020-04-27 15:58:20,583 - instabot version: 0.117.0 (api) - DEBUG - GET to endpoint: feed/tag/motivação/?max_id=QVFDRk53MS04dXAxRVpmQ2pfdTFvVm55d2RlN1plQUhhUjRXQVhwSWpMWGx3akd0TFJoQURVeXVzcDVpSmZkWUxaVlpYWk9fUm1DLVZJdS1VTXVfOVAxTg==&rank_token=33452870298_326ee2c7-3e45-4f5e-aa10-4440597b5b8e&ranked_content=true& returned response: <Response [200]>
2020-04-27 15:58:21,385 - instabot version: 0.117.0 (api) - DEBUG - GET to endpoint: feed/tag/motivação/?max_id=QVFBSHFJdVQwMVpiYnJnc25jWEpxOVdwOEZaQ09aTWRIVGpqeV8ycXBjYm13SEpVQXRjWFlGLXVEZm9LTTNtajFWb2NoSkRkckdPSUU5X01fcF96WVNxVQ==&rank_token=33452870298_326ee2c7-3e45-4f5e-aa10-4440597b5b8e&ranked_content=true& returned response: <Response [200]>
2020-04-27 15:58:21,396 - instabot version: 0.117.0 (bot_checkpoint) - DEBUG - Saving Checkpoint file to: C:\Users\Simome\Desktop\git\Python\Python\Instagram Project/config/teste131570.checkpoint
2020-04-27 15:58:21,397 - instabot version: 0.117.0 (bot) - INFO - Total requests: 44
