2020-04-27 21:56:06,599 - instabot version: 0.117.0 (bot) - INFO - Instabot version: 0.117.0 Started
2020-04-27 21:56:06,599 - instabot version: 0.117.0 (bot) - DEBUG - Bot imported from C:\Users\Simome\AppData\Local\Programs\Python\Python36\lib\site-packages\instabot\bot\bot.py
2020-04-27 21:56:06,600 - instabot version: 0.117.0 (api_login) - DEBUG - Loading cookies
2020-04-27 21:56:06,600 - instabot version: 0.117.0 (api_login) - DEBUG - Loading uuids
2020-04-27 21:56:06,600 - instabot version: 0.117.0 (api_login) - INFO - Recovery from C:\Users\Simome\Desktop\git\Python\Python\Instagram Project/config/teste131570_uuid_and_cookie.json: COOKIE True - UUIDs True - TIMING, DEVICE and ...
- user-agent=Instagram 117.0.0.28.123 Android (28/9.0; 420dpi; 1080x1920; OnePlus; ONEPLUS A3003; OnePlus3; qcom; en_US; 180322800)
- phone_id=916281c0-c0de-4b38-bd31-613dfc53a837
- uuid=326ee2c7-3e45-4f5e-aa10-4440597b5b8e
- client_session_id=0564d719-5178-48d7-bb6b-351e645e651a
- device_id=android-ad9c377756647719
2020-04-27 21:56:06,603 - instabot version: 0.117.0 (api_login) - INFO - LOGIN FLOW! Just logged-in: False
2020-04-27 21:56:07,789 - instabot version: 0.117.0 (api) - DEBUG - POST to endpoint: feed/timeline/ returned response: <Response [200]>
2020-04-27 21:56:08,192 - instabot version: 0.117.0 (api) - DEBUG - POST to endpoint: feed/reels_tray/ returned response: <Response [200]>
2020-04-27 21:56:08,199 - instabot version: 0.117.0 (api) - INFO - Logged-in successfully as 'teste131570'!
2020-04-27 21:56:08,201 - instabot version: 0.117.0 (bot_checkpoint) - DEBUG - Loading Checkpoint file from: C:\Users\Simome\Desktop\git\Python\Python\Instagram Project/config/teste131570.checkpoint
2020-04-27 21:56:08,708 - instabot version: 0.117.0 (api) - DEBUG - GET to endpoint: feed/user/5583451640/?max_id=&min_timestamp=None&rank_token=33452870298_326ee2c7-3e45-4f5e-aa10-4440597b5b8e&ranked_content=true returned response: <Response [200]>
2020-04-27 21:56:09,323 - instabot version: 0.117.0 (api) - DEBUG - GET to endpoint: feed/user/5583451640/?max_id=2293319048307528006_5583451640&min_timestamp=None&rank_token=33452870298_326ee2c7-3e45-4f5e-aa10-4440597b5b8e&ranked_content=true returned response: <Response [200]>
2020-04-27 21:56:09,938 - instabot version: 0.117.0 (api) - DEBUG - GET to endpoint: feed/user/5583451640/?max_id=2290415817667581336_5583451640&min_timestamp=None&rank_token=33452870298_326ee2c7-3e45-4f5e-aa10-4440597b5b8e&ranked_content=true returned response: <Response [200]>
2020-04-27 21:56:10,485 - instabot version: 0.117.0 (api) - DEBUG - GET to endpoint: feed/user/5583451640/?max_id=2287086111698352672_5583451640&min_timestamp=None&rank_token=33452870298_326ee2c7-3e45-4f5e-aa10-4440597b5b8e&ranked_content=true returned response: <Response [200]>
2020-04-27 21:56:12,804 - instabot version: 0.117.0 (api) - DEBUG - GET to endpoint: feed/user/5583451640/?max_id=2283765372983269363_5583451640&min_timestamp=None&rank_token=33452870298_326ee2c7-3e45-4f5e-aa10-4440597b5b8e&ranked_content=true returned response: <Response [200]>
2020-04-27 21:56:13,259 - instabot version: 0.117.0 (api) - DEBUG - GET to endpoint: feed/user/5583451640/?max_id=2280644409689216564_5583451640&min_timestamp=None&rank_token=33452870298_326ee2c7-3e45-4f5e-aa10-4440597b5b8e&ranked_content=true returned response: <Response [200]>
2020-04-27 21:56:13,828 - instabot version: 0.117.0 (api) - DEBUG - GET to endpoint: feed/user/5583451640/?max_id=2277063793014078333_5583451640&min_timestamp=None&rank_token=33452870298_326ee2c7-3e45-4f5e-aa10-4440597b5b8e&ranked_content=true returned response: <Response [200]>
2020-04-27 21:56:14,348 - instabot version: 0.117.0 (api) - DEBUG - GET to endpoint: feed/user/5583451640/?max_id=2273001214461433893_5583451640&min_timestamp=None&rank_token=33452870298_326ee2c7-3e45-4f5e-aa10-4440597b5b8e&ranked_content=true returned response: <Response [200]>
2020-04-27 21:56:14,853 - instabot version: 0.117.0 (api) - DEBUG - GET to endpoint: feed/user/5583451640/?max_id=2265763906679043210_5583451640&min_timestamp=None&rank_token=33452870298_326ee2c7-3e45-4f5e-aa10-4440597b5b8e&ranked_content=true returned response: <Response [200]>
2020-04-27 21:56:15,364 - instabot version: 0.117.0 (api) - DEBUG - GET to endpoint: feed/user/5583451640/?max_id=2255514874723517936_5583451640&min_timestamp=None&rank_token=33452870298_326ee2c7-3e45-4f5e-aa10-4440597b5b8e&ranked_content=true returned response: <Response [200]>
2020-04-27 21:56:15,877 - instabot version: 0.117.0 (api) - DEBUG - GET to endpoint: feed/user/5583451640/?max_id=2243308214449911953_5583451640&min_timestamp=None&rank_token=33452870298_326ee2c7-3e45-4f5e-aa10-4440597b5b8e&ranked_content=true returned response: <Response [200]>
2020-04-27 21:56:16,388 - instabot version: 0.117.0 (api) - DEBUG - GET to endpoint: feed/user/5583451640/?max_id=2236053734650269721_5583451640&min_timestamp=None&rank_token=33452870298_326ee2c7-3e45-4f5e-aa10-4440597b5b8e&ranked_content=true returned response: <Response [200]>
2020-04-27 21:56:16,897 - instabot version: 0.117.0 (api) - DEBUG - GET to endpoint: feed/user/5583451640/?max_id=2227229106007742874_5583451640&min_timestamp=None&rank_token=33452870298_326ee2c7-3e45-4f5e-aa10-4440597b5b8e&ranked_content=true returned response: <Response [200]>
2020-04-27 21:56:17,414 - instabot version: 0.117.0 (api) - DEBUG - GET to endpoint: feed/user/5583451640/?max_id=2217182150392814362_5583451640&min_timestamp=None&rank_token=33452870298_326ee2c7-3e45-4f5e-aa10-4440597b5b8e&ranked_content=true returned response: <Response [200]>
2020-04-27 21:56:17,925 - instabot version: 0.117.0 (api) - DEBUG - GET to endpoint: feed/user/5583451640/?max_id=2209230253769898103_5583451640&min_timestamp=None&rank_token=33452870298_326ee2c7-3e45-4f5e-aa10-4440597b5b8e&ranked_content=true returned response: <Response [200]>
2020-04-27 21:56:18,435 - instabot version: 0.117.0 (api) - DEBUG - GET to endpoint: feed/user/5583451640/?max_id=2202003984229598832_5583451640&min_timestamp=None&rank_token=33452870298_326ee2c7-3e45-4f5e-aa10-4440597b5b8e&ranked_content=true returned response: <Response [200]>
2020-04-27 21:56:19,052 - instabot version: 0.117.0 (api) - DEBUG - GET to endpoint: feed/user/5583451640/?max_id=2193867536930617201_5583451640&min_timestamp=None&rank_token=33452870298_326ee2c7-3e45-4f5e-aa10-4440597b5b8e&ranked_content=true returned response: <Response [200]>
2020-04-27 21:56:19,564 - instabot version: 0.117.0 (api) - DEBUG - GET to endpoint: feed/user/5583451640/?max_id=2188914438021720886_5583451640&min_timestamp=None&rank_token=33452870298_326ee2c7-3e45-4f5e-aa10-4440597b5b8e&ranked_content=true returned response: <Response [200]>
2020-04-27 21:56:19,988 - instabot version: 0.117.0 (api) - DEBUG - GET to endpoint: feed/user/5583451640/?max_id=2180116142125758473_5583451640&min_timestamp=None&rank_token=33452870298_326ee2c7-3e45-4f5e-aa10-4440597b5b8e&ranked_content=true returned response: <Response [200]>
2020-04-27 21:56:20,720 - instabot version: 0.117.0 (api) - DEBUG - GET to endpoint: feed/user/5583451640/?max_id=2174327260885050674_5583451640&min_timestamp=None&rank_token=33452870298_326ee2c7-3e45-4f5e-aa10-4440597b5b8e&ranked_content=true returned response: <Response [200]>
2020-04-27 21:56:21,404 - instabot version: 0.117.0 (api) - DEBUG - GET to endpoint: feed/user/5583451640/?max_id=2168515772757026011_5583451640&min_timestamp=None&rank_token=33452870298_326ee2c7-3e45-4f5e-aa10-4440597b5b8e&ranked_content=true returned response: <Response [200]>
2020-04-27 21:56:22,023 - instabot version: 0.117.0 (api) - DEBUG - GET to endpoint: feed/user/5583451640/?max_id=2164894158563746944_5583451640&min_timestamp=None&rank_token=33452870298_326ee2c7-3e45-4f5e-aa10-4440597b5b8e&ranked_content=true returned response: <Response [200]>
2020-04-27 21:56:22,499 - instabot version: 0.117.0 (api) - DEBUG - GET to endpoint: feed/user/5583451640/?max_id=2160346075953932604_5583451640&min_timestamp=None&rank_token=33452870298_326ee2c7-3e45-4f5e-aa10-4440597b5b8e&ranked_content=true returned response: <Response [200]>
2020-04-27 21:56:22,941 - instabot version: 0.117.0 (api) - DEBUG - GET to endpoint: feed/user/5583451640/?max_id=2156316277688319951_5583451640&min_timestamp=None&rank_token=33452870298_326ee2c7-3e45-4f5e-aa10-4440597b5b8e&ranked_content=true returned response: <Response [200]>
2020-04-27 21:56:23,454 - instabot version: 0.117.0 (api) - DEBUG - GET to endpoint: feed/user/5583451640/?max_id=2152717336728140348_5583451640&min_timestamp=None&rank_token=33452870298_326ee2c7-3e45-4f5e-aa10-4440597b5b8e&ranked_content=true returned response: <Response [200]>
2020-04-27 21:56:23,966 - instabot version: 0.117.0 (api) - DEBUG - GET to endpoint: feed/user/5583451640/?max_id=2149040301929591159_5583451640&min_timestamp=None&rank_token=33452870298_326ee2c7-3e45-4f5e-aa10-4440597b5b8e&ranked_content=true returned response: <Response [200]>
2020-04-27 21:56:24,478 - instabot version: 0.117.0 (api) - DEBUG - GET to endpoint: feed/user/5583451640/?max_id=2145087571628136926_5583451640&min_timestamp=None&rank_token=33452870298_326ee2c7-3e45-4f5e-aa10-4440597b5b8e&ranked_content=true returned response: <Response [200]>
2020-04-27 21:56:24,986 - instabot version: 0.117.0 (api) - DEBUG - GET to endpoint: feed/user/5583451640/?max_id=2141710531411808563_5583451640&min_timestamp=None&rank_token=33452870298_326ee2c7-3e45-4f5e-aa10-4440597b5b8e&ranked_content=true returned response: <Response [200]>
2020-04-27 21:56:25,503 - instabot version: 0.117.0 (api) - DEBUG - GET to endpoint: feed/user/5583451640/?max_id=2138514013963758194_5583451640&min_timestamp=None&rank_token=33452870298_326ee2c7-3e45-4f5e-aa10-4440597b5b8e&ranked_content=true returned response: <Response [200]>
2020-04-27 21:56:26,008 - instabot version: 0.117.0 (api) - DEBUG - GET to endpoint: feed/user/5583451640/?max_id=2134969132339284937_5583451640&min_timestamp=None&rank_token=33452870298_326ee2c7-3e45-4f5e-aa10-4440597b5b8e&ranked_content=true returned response: <Response [200]>
2020-04-27 21:56:26,629 - instabot version: 0.117.0 (api) - DEBUG - GET to endpoint: feed/user/5583451640/?max_id=2131968410630954013_5583451640&min_timestamp=None&rank_token=33452870298_326ee2c7-3e45-4f5e-aa10-4440597b5b8e&ranked_content=true returned response: <Response [200]>
2020-04-27 21:56:27,241 - instabot version: 0.117.0 (api) - DEBUG - GET to endpoint: feed/user/5583451640/?max_id=2128768962379429532_5583451640&min_timestamp=None&rank_token=33452870298_326ee2c7-3e45-4f5e-aa10-4440597b5b8e&ranked_content=true returned response: <Response [200]>
2020-04-27 21:56:27,755 - instabot version: 0.117.0 (api) - DEBUG - GET to endpoint: feed/user/5583451640/?max_id=2125736299175495399_5583451640&min_timestamp=None&rank_token=33452870298_326ee2c7-3e45-4f5e-aa10-4440597b5b8e&ranked_content=true returned response: <Response [200]>
2020-04-27 21:56:28,267 - instabot version: 0.117.0 (api) - DEBUG - GET to endpoint: feed/user/5583451640/?max_id=2122610099762624689_5583451640&min_timestamp=None&rank_token=33452870298_326ee2c7-3e45-4f5e-aa10-4440597b5b8e&ranked_content=true returned response: <Response [200]>
2020-04-27 21:56:28,778 - instabot version: 0.117.0 (api) - DEBUG - GET to endpoint: feed/user/5583451640/?max_id=2119353847959944606_5583451640&min_timestamp=None&rank_token=33452870298_326ee2c7-3e45-4f5e-aa10-4440597b5b8e&ranked_content=true returned response: <Response [200]>
2020-04-27 21:56:29,208 - instabot version: 0.117.0 (api) - DEBUG - GET to endpoint: feed/user/5583451640/?max_id=2116326549463585348_5583451640&min_timestamp=None&rank_token=33452870298_326ee2c7-3e45-4f5e-aa10-4440597b5b8e&ranked_content=true returned response: <Response [200]>
2020-04-27 21:56:29,803 - instabot version: 0.117.0 (api) - DEBUG - GET to endpoint: feed/user/5583451640/?max_id=2113572337420043840_5583451640&min_timestamp=None&rank_token=33452870298_326ee2c7-3e45-4f5e-aa10-4440597b5b8e&ranked_content=true returned response: <Response [200]>
2020-04-27 21:56:30,315 - instabot version: 0.117.0 (api) - DEBUG - GET to endpoint: feed/user/5583451640/?max_id=2110647356310514327_5583451640&min_timestamp=None&rank_token=33452870298_326ee2c7-3e45-4f5e-aa10-4440597b5b8e&ranked_content=true returned response: <Response [200]>
2020-04-27 21:56:30,928 - instabot version: 0.117.0 (api) - DEBUG - GET to endpoint: feed/user/5583451640/?max_id=2108095946599460855_5583451640&min_timestamp=None&rank_token=33452870298_326ee2c7-3e45-4f5e-aa10-4440597b5b8e&ranked_content=true returned response: <Response [200]>
2020-04-27 21:56:31,439 - instabot version: 0.117.0 (api) - DEBUG - GET to endpoint: feed/user/5583451640/?max_id=2104845730291262202_5583451640&min_timestamp=None&rank_token=33452870298_326ee2c7-3e45-4f5e-aa10-4440597b5b8e&ranked_content=true returned response: <Response [200]>
2020-04-27 21:56:31,951 - instabot version: 0.117.0 (api) - DEBUG - GET to endpoint: feed/user/5583451640/?max_id=2101829515511654597_5583451640&min_timestamp=None&rank_token=33452870298_326ee2c7-3e45-4f5e-aa10-4440597b5b8e&ranked_content=true returned response: <Response [200]>
2020-04-27 21:56:32,466 - instabot version: 0.117.0 (api) - DEBUG - GET to endpoint: feed/user/5583451640/?max_id=2098203576529627148_5583451640&min_timestamp=None&rank_token=33452870298_326ee2c7-3e45-4f5e-aa10-4440597b5b8e&ranked_content=true returned response: <Response [200]>
2020-04-27 21:56:32,977 - instabot version: 0.117.0 (api) - DEBUG - GET to endpoint: feed/user/5583451640/?max_id=2095322719498425657_5583451640&min_timestamp=None&rank_token=33452870298_326ee2c7-3e45-4f5e-aa10-4440597b5b8e&ranked_content=true returned response: <Response [200]>
2020-04-27 21:56:33,488 - instabot version: 0.117.0 (api) - DEBUG - GET to endpoint: feed/user/5583451640/?max_id=2092156693499830541_5583451640&min_timestamp=None&rank_token=33452870298_326ee2c7-3e45-4f5e-aa10-4440597b5b8e&ranked_content=true returned response: <Response [200]>
2020-04-27 21:56:33,999 - instabot version: 0.117.0 (api) - DEBUG - GET to endpoint: feed/user/5583451640/?max_id=2088908371934595200_5583451640&min_timestamp=None&rank_token=33452870298_326ee2c7-3e45-4f5e-aa10-4440597b5b8e&ranked_content=true returned response: <Response [200]>
2020-04-27 21:56:34,513 - instabot version: 0.117.0 (api) - DEBUG - GET to endpoint: feed/user/5583451640/?max_id=2085725382534781264_5583451640&min_timestamp=None&rank_token=33452870298_326ee2c7-3e45-4f5e-aa10-4440597b5b8e&ranked_content=true returned response: <Response [200]>
2020-04-27 21:56:35,019 - instabot version: 0.117.0 (api) - DEBUG - GET to endpoint: feed/user/5583451640/?max_id=2082276746664665383_5583451640&min_timestamp=None&rank_token=33452870298_326ee2c7-3e45-4f5e-aa10-4440597b5b8e&ranked_content=true returned response: <Response [200]>
2020-04-27 21:56:35,643 - instabot version: 0.117.0 (api) - DEBUG - GET to endpoint: feed/user/5583451640/?max_id=2078652154062693756_5583451640&min_timestamp=None&rank_token=33452870298_326ee2c7-3e45-4f5e-aa10-4440597b5b8e&ranked_content=true returned response: <Response [200]>
2020-04-27 21:56:36,153 - instabot version: 0.117.0 (api) - DEBUG - GET to endpoint: feed/user/5583451640/?max_id=2075147782192104729_5583451640&min_timestamp=None&rank_token=33452870298_326ee2c7-3e45-4f5e-aa10-4440597b5b8e&ranked_content=true returned response: <Response [200]>
2020-04-27 21:56:36,663 - instabot version: 0.117.0 (api) - DEBUG - GET to endpoint: feed/user/5583451640/?max_id=2071840297486160211_5583451640&min_timestamp=None&rank_token=33452870298_326ee2c7-3e45-4f5e-aa10-4440597b5b8e&ranked_content=true returned response: <Response [200]>
2020-04-27 21:56:37,173 - instabot version: 0.117.0 (api) - DEBUG - GET to endpoint: feed/user/5583451640/?max_id=2068214178786618537_5583451640&min_timestamp=None&rank_token=33452870298_326ee2c7-3e45-4f5e-aa10-4440597b5b8e&ranked_content=true returned response: <Response [200]>
2020-04-27 21:56:37,585 - instabot version: 0.117.0 (api) - DEBUG - GET to endpoint: feed/user/5583451640/?max_id=2065330773799517381_5583451640&min_timestamp=None&rank_token=33452870298_326ee2c7-3e45-4f5e-aa10-4440597b5b8e&ranked_content=true returned response: <Response [200]>
2020-04-27 21:56:38,096 - instabot version: 0.117.0 (api) - DEBUG - GET to endpoint: feed/user/5583451640/?max_id=2061975660523573385_5583451640&min_timestamp=None&rank_token=33452870298_326ee2c7-3e45-4f5e-aa10-4440597b5b8e&ranked_content=true returned response: <Response [200]>
2020-04-27 21:56:38,613 - instabot version: 0.117.0 (api) - DEBUG - GET to endpoint: feed/user/5583451640/?max_id=2058182155959316209_5583451640&min_timestamp=None&rank_token=33452870298_326ee2c7-3e45-4f5e-aa10-4440597b5b8e&ranked_content=true returned response: <Response [200]>
2020-04-27 21:56:39,120 - instabot version: 0.117.0 (api) - DEBUG - GET to endpoint: feed/user/5583451640/?max_id=2054729002614147829_5583451640&min_timestamp=None&rank_token=33452870298_326ee2c7-3e45-4f5e-aa10-4440597b5b8e&ranked_content=true returned response: <Response [200]>
2020-04-27 21:56:39,744 - instabot version: 0.117.0 (api) - DEBUG - GET to endpoint: feed/user/5583451640/?max_id=2051108225620719389_5583451640&min_timestamp=None&rank_token=33452870298_326ee2c7-3e45-4f5e-aa10-4440597b5b8e&ranked_content=true returned response: <Response [200]>
2020-04-27 21:56:40,244 - instabot version: 0.117.0 (api) - DEBUG - GET to endpoint: feed/user/5583451640/?max_id=2048205403818036464_5583451640&min_timestamp=None&rank_token=33452870298_326ee2c7-3e45-4f5e-aa10-4440597b5b8e&ranked_content=true returned response: <Response [200]>
2020-04-27 21:56:40,744 - instabot version: 0.117.0 (api) - DEBUG - GET to endpoint: feed/user/5583451640/?max_id=2046036981047062430_5583451640&min_timestamp=None&rank_token=33452870298_326ee2c7-3e45-4f5e-aa10-4440597b5b8e&ranked_content=true returned response: <Response [200]>
2020-04-27 21:56:41,213 - instabot version: 0.117.0 (api) - DEBUG - GET to endpoint: feed/user/5583451640/?max_id=2042834424898350507_5583451640&min_timestamp=None&rank_token=33452870298_326ee2c7-3e45-4f5e-aa10-4440597b5b8e&ranked_content=true returned response: <Response [200]>
2020-04-27 21:56:41,784 - instabot version: 0.117.0 (api) - DEBUG - GET to endpoint: feed/user/5583451640/?max_id=2039635046935120940_5583451640&min_timestamp=None&rank_token=33452870298_326ee2c7-3e45-4f5e-aa10-4440597b5b8e&ranked_content=true returned response: <Response [200]>
2020-04-27 21:56:42,226 - instabot version: 0.117.0 (api) - DEBUG - GET to endpoint: feed/user/5583451640/?max_id=2037445341023909730_5583451640&min_timestamp=None&rank_token=33452870298_326ee2c7-3e45-4f5e-aa10-4440597b5b8e&ranked_content=true returned response: <Response [200]>
2020-04-27 21:56:42,732 - instabot version: 0.117.0 (api) - DEBUG - GET to endpoint: feed/user/5583451640/?max_id=2035159723149378759_5583451640&min_timestamp=None&rank_token=33452870298_326ee2c7-3e45-4f5e-aa10-4440597b5b8e&ranked_content=true returned response: <Response [200]>
2020-04-27 21:56:43,321 - instabot version: 0.117.0 (api) - DEBUG - GET to endpoint: feed/user/5583451640/?max_id=2032262906774795302_5583451640&min_timestamp=None&rank_token=33452870298_326ee2c7-3e45-4f5e-aa10-4440597b5b8e&ranked_content=true returned response: <Response [200]>
2020-04-27 21:56:43,866 - instabot version: 0.117.0 (api) - DEBUG - GET to endpoint: feed/user/5583451640/?max_id=2029991256410568783_5583451640&min_timestamp=None&rank_token=33452870298_326ee2c7-3e45-4f5e-aa10-4440597b5b8e&ranked_content=true returned response: <Response [200]>
2020-04-27 21:56:44,347 - instabot version: 0.117.0 (api) - DEBUG - GET to endpoint: feed/user/5583451640/?max_id=2027623525891790048_5583451640&min_timestamp=None&rank_token=33452870298_326ee2c7-3e45-4f5e-aa10-4440597b5b8e&ranked_content=true returned response: <Response [200]>
2020-04-27 21:56:44,781 - instabot version: 0.117.0 (api) - DEBUG - GET to endpoint: feed/user/5583451640/?max_id=2024919984840389693_5583451640&min_timestamp=None&rank_token=33452870298_326ee2c7-3e45-4f5e-aa10-4440597b5b8e&ranked_content=true returned response: <Response [200]>
2020-04-27 21:56:45,347 - instabot version: 0.117.0 (api) - DEBUG - GET to endpoint: feed/user/5583451640/?max_id=2022227459759445029_5583451640&min_timestamp=None&rank_token=33452870298_326ee2c7-3e45-4f5e-aa10-4440597b5b8e&ranked_content=true returned response: <Response [200]>
2020-04-27 21:56:45,821 - instabot version: 0.117.0 (api) - DEBUG - GET to endpoint: feed/user/5583451640/?max_id=2019968171494126631_5583451640&min_timestamp=None&rank_token=33452870298_326ee2c7-3e45-4f5e-aa10-4440597b5b8e&ranked_content=true returned response: <Response [200]>
2020-04-27 21:56:46,260 - instabot version: 0.117.0 (api) - DEBUG - GET to endpoint: feed/user/5583451640/?max_id=2017769360302540984_5583451640&min_timestamp=None&rank_token=33452870298_326ee2c7-3e45-4f5e-aa10-4440597b5b8e&ranked_content=true returned response: <Response [200]>
2020-04-27 21:56:46,802 - instabot version: 0.117.0 (api) - DEBUG - GET to endpoint: feed/user/5583451640/?max_id=2015592203153438711_5583451640&min_timestamp=None&rank_token=33452870298_326ee2c7-3e45-4f5e-aa10-4440597b5b8e&ranked_content=true returned response: <Response [200]>
2020-04-27 21:56:47,276 - instabot version: 0.117.0 (api) - DEBUG - GET to endpoint: feed/user/5583451640/?max_id=2012706761093509018_5583451640&min_timestamp=None&rank_token=33452870298_326ee2c7-3e45-4f5e-aa10-4440597b5b8e&ranked_content=true returned response: <Response [200]>
2020-04-27 21:56:47,742 - instabot version: 0.117.0 (api) - DEBUG - GET to endpoint: feed/user/5583451640/?max_id=2009788033062350226_5583451640&min_timestamp=None&rank_token=33452870298_326ee2c7-3e45-4f5e-aa10-4440597b5b8e&ranked_content=true returned response: <Response [200]>
2020-04-27 21:56:48,147 - instabot version: 0.117.0 (api) - DEBUG - GET to endpoint: feed/user/5583451640/?max_id=2006288781304445707_5583451640&min_timestamp=None&rank_token=33452870298_326ee2c7-3e45-4f5e-aa10-4440597b5b8e&ranked_content=true returned response: <Response [200]>
2020-04-27 21:56:48,571 - instabot version: 0.117.0 (api) - DEBUG - GET to endpoint: feed/user/5583451640/?max_id=2003829106189296203_5583451640&min_timestamp=None&rank_token=33452870298_326ee2c7-3e45-4f5e-aa10-4440597b5b8e&ranked_content=true returned response: <Response [200]>
2020-04-27 21:56:49,046 - instabot version: 0.117.0 (api) - DEBUG - GET to endpoint: feed/user/5583451640/?max_id=2001610346183369352_5583451640&min_timestamp=None&rank_token=33452870298_326ee2c7-3e45-4f5e-aa10-4440597b5b8e&ranked_content=true returned response: <Response [200]>
2020-04-27 21:56:50,795 - instabot version: 0.117.0 (api) - DEBUG - GET to endpoint: feed/user/5583451640/?max_id=1998115363136694363_5583451640&min_timestamp=None&rank_token=33452870298_326ee2c7-3e45-4f5e-aa10-4440597b5b8e&ranked_content=true returned response: <Response [200]>
2020-04-27 21:56:51,412 - instabot version: 0.117.0 (api) - DEBUG - GET to endpoint: feed/user/5583451640/?max_id=1995413677972419438_5583451640&min_timestamp=None&rank_token=33452870298_326ee2c7-3e45-4f5e-aa10-4440597b5b8e&ranked_content=true returned response: <Response [200]>
2020-04-27 21:56:51,926 - instabot version: 0.117.0 (api) - DEBUG - GET to endpoint: feed/user/5583451640/?max_id=1992826730469057932_5583451640&min_timestamp=None&rank_token=33452870298_326ee2c7-3e45-4f5e-aa10-4440597b5b8e&ranked_content=true returned response: <Response [200]>
2020-04-27 21:56:52,381 - instabot version: 0.117.0 (api) - DEBUG - GET to endpoint: feed/user/5583451640/?max_id=1990343093890712931_5583451640&min_timestamp=None&rank_token=33452870298_326ee2c7-3e45-4f5e-aa10-4440597b5b8e&ranked_content=true returned response: <Response [200]>
2020-04-27 21:56:52,941 - instabot version: 0.117.0 (api) - DEBUG - GET to endpoint: feed/user/5583451640/?max_id=1988162151818238673_5583451640&min_timestamp=None&rank_token=33452870298_326ee2c7-3e45-4f5e-aa10-4440597b5b8e&ranked_content=true returned response: <Response [200]>
2020-04-27 21:56:53,560 - instabot version: 0.117.0 (api) - DEBUG - GET to endpoint: feed/user/5583451640/?max_id=1986029747473346028_5583451640&min_timestamp=None&rank_token=33452870298_326ee2c7-3e45-4f5e-aa10-4440597b5b8e&ranked_content=true returned response: <Response [200]>
2020-04-27 21:56:54,172 - instabot version: 0.117.0 (api) - DEBUG - GET to endpoint: feed/user/5583451640/?max_id=1983389949575266187_5583451640&min_timestamp=None&rank_token=33452870298_326ee2c7-3e45-4f5e-aa10-4440597b5b8e&ranked_content=true returned response: <Response [200]>
2020-04-27 21:56:54,683 - instabot version: 0.117.0 (api) - DEBUG - GET to endpoint: feed/user/5583451640/?max_id=1980657300725105054_5583451640&min_timestamp=None&rank_token=33452870298_326ee2c7-3e45-4f5e-aa10-4440597b5b8e&ranked_content=true returned response: <Response [200]>
2020-04-27 21:56:55,198 - instabot version: 0.117.0 (api) - DEBUG - GET to endpoint: feed/user/5583451640/?max_id=1977988321560947595_5583451640&min_timestamp=None&rank_token=33452870298_326ee2c7-3e45-4f5e-aa10-4440597b5b8e&ranked_content=true returned response: <Response [200]>
2020-04-27 21:56:55,708 - instabot version: 0.117.0 (api) - DEBUG - GET to endpoint: feed/user/5583451640/?max_id=1974974110417236201_5583451640&min_timestamp=None&rank_token=33452870298_326ee2c7-3e45-4f5e-aa10-4440597b5b8e&ranked_content=true returned response: <Response [200]>
2020-04-27 21:56:56,222 - instabot version: 0.117.0 (api) - DEBUG - GET to endpoint: feed/user/5583451640/?max_id=1971969593685608733_5583451640&min_timestamp=None&rank_token=33452870298_326ee2c7-3e45-4f5e-aa10-4440597b5b8e&ranked_content=true returned response: <Response [200]>
2020-04-27 21:56:56,736 - instabot version: 0.117.0 (api) - DEBUG - GET to endpoint: feed/user/5583451640/?max_id=1969293368559266959_5583451640&min_timestamp=None&rank_token=33452870298_326ee2c7-3e45-4f5e-aa10-4440597b5b8e&ranked_content=true returned response: <Response [200]>
2020-04-27 21:56:57,313 - instabot version: 0.117.0 (api) - DEBUG - GET to endpoint: feed/user/5583451640/?max_id=1966819880778892496_5583451640&min_timestamp=None&rank_token=33452870298_326ee2c7-3e45-4f5e-aa10-4440597b5b8e&ranked_content=true returned response: <Response [200]>
2020-04-27 21:56:57,769 - instabot version: 0.117.0 (api) - DEBUG - GET to endpoint: feed/user/5583451640/?max_id=1964223637875805282_5583451640&min_timestamp=None&rank_token=33452870298_326ee2c7-3e45-4f5e-aa10-4440597b5b8e&ranked_content=true returned response: <Response [200]>
2020-04-27 21:56:58,271 - instabot version: 0.117.0 (api) - DEBUG - GET to endpoint: feed/user/5583451640/?max_id=1961750467344215637_5583451640&min_timestamp=None&rank_token=33452870298_326ee2c7-3e45-4f5e-aa10-4440597b5b8e&ranked_content=true returned response: <Response [200]>
2020-04-27 21:56:58,784 - instabot version: 0.117.0 (api) - DEBUG - GET to endpoint: feed/user/5583451640/?max_id=1958928511563321851_5583451640&min_timestamp=None&rank_token=33452870298_326ee2c7-3e45-4f5e-aa10-4440597b5b8e&ranked_content=true returned response: <Response [200]>
2020-04-27 21:56:59,294 - instabot version: 0.117.0 (api) - DEBUG - GET to endpoint: feed/user/5583451640/?max_id=1955220509159550789_5583451640&min_timestamp=None&rank_token=33452870298_326ee2c7-3e45-4f5e-aa10-4440597b5b8e&ranked_content=true returned response: <Response [200]>
2020-04-27 21:56:59,810 - instabot version: 0.117.0 (api) - DEBUG - GET to endpoint: feed/user/5583451640/?max_id=1951602154460488930_5583451640&min_timestamp=None&rank_token=33452870298_326ee2c7-3e45-4f5e-aa10-4440597b5b8e&ranked_content=true returned response: <Response [200]>
2020-04-27 21:57:00,424 - instabot version: 0.117.0 (api) - DEBUG - GET to endpoint: feed/user/5583451640/?max_id=1948997085768511487_5583451640&min_timestamp=None&rank_token=33452870298_326ee2c7-3e45-4f5e-aa10-4440597b5b8e&ranked_content=true returned response: <Response [200]>
2020-04-27 21:57:00,936 - instabot version: 0.117.0 (api) - DEBUG - GET to endpoint: feed/user/5583451640/?max_id=1946100589142447875_5583451640&min_timestamp=None&rank_token=33452870298_326ee2c7-3e45-4f5e-aa10-4440597b5b8e&ranked_content=true returned response: <Response [200]>
2020-04-27 21:57:01,551 - instabot version: 0.117.0 (api) - DEBUG - GET to endpoint: feed/user/5583451640/?max_id=1942921374204997376_5583451640&min_timestamp=None&rank_token=33452870298_326ee2c7-3e45-4f5e-aa10-4440597b5b8e&ranked_content=true returned response: <Response [200]>
2020-04-27 21:57:02,060 - instabot version: 0.117.0 (api) - DEBUG - GET to endpoint: feed/user/5583451640/?max_id=1940048813943414776_5583451640&min_timestamp=None&rank_token=33452870298_326ee2c7-3e45-4f5e-aa10-4440597b5b8e&ranked_content=true returned response: <Response [200]>
2020-04-27 21:57:02,559 - instabot version: 0.117.0 (api) - DEBUG - GET to endpoint: feed/user/5583451640/?max_id=1937403895898730341_5583451640&min_timestamp=None&rank_token=33452870298_326ee2c7-3e45-4f5e-aa10-4440597b5b8e&ranked_content=true returned response: <Response [200]>
2020-04-27 21:57:03,084 - instabot version: 0.117.0 (api) - DEBUG - GET to endpoint: feed/user/5583451640/?max_id=1935031234925229828_5583451640&min_timestamp=None&rank_token=33452870298_326ee2c7-3e45-4f5e-aa10-4440597b5b8e&ranked_content=true returned response: <Response [200]>
2020-04-27 21:57:03,700 - instabot version: 0.117.0 (api) - DEBUG - GET to endpoint: feed/user/5583451640/?max_id=1932629940990328610_5583451640&min_timestamp=None&rank_token=33452870298_326ee2c7-3e45-4f5e-aa10-4440597b5b8e&ranked_content=true returned response: <Response [200]>
2020-04-27 21:57:04,207 - instabot version: 0.117.0 (api) - DEBUG - GET to endpoint: feed/user/5583451640/?max_id=1929942577377811578_5583451640&min_timestamp=None&rank_token=33452870298_326ee2c7-3e45-4f5e-aa10-4440597b5b8e&ranked_content=true returned response: <Response [200]>
2020-04-27 21:57:04,786 - instabot version: 0.117.0 (api) - DEBUG - GET to endpoint: feed/user/5583451640/?max_id=1926955030045410483_5583451640&min_timestamp=None&rank_token=33452870298_326ee2c7-3e45-4f5e-aa10-4440597b5b8e&ranked_content=true returned response: <Response [200]>
2020-04-27 21:57:05,335 - instabot version: 0.117.0 (api) - DEBUG - GET to endpoint: feed/user/5583451640/?max_id=1924683476846621082_5583451640&min_timestamp=None&rank_token=33452870298_326ee2c7-3e45-4f5e-aa10-4440597b5b8e&ranked_content=true returned response: <Response [200]>
2020-04-27 21:57:05,796 - instabot version: 0.117.0 (api) - DEBUG - GET to endpoint: feed/user/5583451640/?max_id=1922621779088649552_5583451640&min_timestamp=None&rank_token=33452870298_326ee2c7-3e45-4f5e-aa10-4440597b5b8e&ranked_content=true returned response: <Response [200]>
2020-04-27 21:57:06,253 - instabot version: 0.117.0 (api) - DEBUG - GET to endpoint: feed/user/5583451640/?max_id=1919304936202474566_5583451640&min_timestamp=None&rank_token=33452870298_326ee2c7-3e45-4f5e-aa10-4440597b5b8e&ranked_content=true returned response: <Response [200]>
2020-04-27 21:57:06,770 - instabot version: 0.117.0 (api) - DEBUG - GET to endpoint: feed/user/5583451640/?max_id=1917120531421949380_5583451640&min_timestamp=None&rank_token=33452870298_326ee2c7-3e45-4f5e-aa10-4440597b5b8e&ranked_content=true returned response: <Response [200]>
2020-04-27 21:57:07,232 - instabot version: 0.117.0 (api) - DEBUG - GET to endpoint: feed/user/5583451640/?max_id=1914835455325598488_5583451640&min_timestamp=None&rank_token=33452870298_326ee2c7-3e45-4f5e-aa10-4440597b5b8e&ranked_content=true returned response: <Response [200]>
2020-04-27 21:57:07,791 - instabot version: 0.117.0 (api) - DEBUG - GET to endpoint: feed/user/5583451640/?max_id=1911925013645138815_5583451640&min_timestamp=None&rank_token=33452870298_326ee2c7-3e45-4f5e-aa10-4440597b5b8e&ranked_content=true returned response: <Response [200]>
2020-04-27 21:57:08,410 - instabot version: 0.117.0 (api) - DEBUG - GET to endpoint: feed/user/5583451640/?max_id=1909154815322165156_5583451640&min_timestamp=None&rank_token=33452870298_326ee2c7-3e45-4f5e-aa10-4440597b5b8e&ranked_content=true returned response: <Response [200]>
2020-04-27 21:57:09,029 - instabot version: 0.117.0 (api) - DEBUG - GET to endpoint: feed/user/5583451640/?max_id=1906536817772146701_5583451640&min_timestamp=None&rank_token=33452870298_326ee2c7-3e45-4f5e-aa10-4440597b5b8e&ranked_content=true returned response: <Response [200]>
2020-04-27 21:57:09,638 - instabot version: 0.117.0 (api) - DEBUG - GET to endpoint: feed/user/5583451640/?max_id=1903386732083118930_5583451640&min_timestamp=None&rank_token=33452870298_326ee2c7-3e45-4f5e-aa10-4440597b5b8e&ranked_content=true returned response: <Response [200]>
2020-04-27 21:57:10,150 - instabot version: 0.117.0 (api) - DEBUG - GET to endpoint: feed/user/5583451640/?max_id=1900145311683200008_5583451640&min_timestamp=None&rank_token=33452870298_326ee2c7-3e45-4f5e-aa10-4440597b5b8e&ranked_content=true returned response: <Response [200]>
2020-04-27 21:57:10,661 - instabot version: 0.117.0 (api) - DEBUG - GET to endpoint: feed/user/5583451640/?max_id=1897574449562238099_5583451640&min_timestamp=None&rank_token=33452870298_326ee2c7-3e45-4f5e-aa10-4440597b5b8e&ranked_content=true returned response: <Response [200]>
2020-04-27 21:57:11,172 - instabot version: 0.117.0 (api) - DEBUG - GET to endpoint: feed/user/5583451640/?max_id=1895114849189509492_5583451640&min_timestamp=None&rank_token=33452870298_326ee2c7-3e45-4f5e-aa10-4440597b5b8e&ranked_content=true returned response: <Response [200]>
2020-04-27 21:57:12,198 - instabot version: 0.117.0 (api) - DEBUG - GET to endpoint: feed/user/5583451640/?max_id=1892380260683628151_5583451640&min_timestamp=None&rank_token=33452870298_326ee2c7-3e45-4f5e-aa10-4440597b5b8e&ranked_content=true returned response: <Response [200]>
2020-04-27 21:57:12,628 - instabot version: 0.117.0 (api) - DEBUG - GET to endpoint: feed/user/5583451640/?max_id=1889509170978443258_5583451640&min_timestamp=None&rank_token=33452870298_326ee2c7-3e45-4f5e-aa10-4440597b5b8e&ranked_content=true returned response: <Response [200]>
2020-04-27 21:57:13,222 - instabot version: 0.117.0 (api) - DEBUG - GET to endpoint: feed/user/5583451640/?max_id=1885975833823336946_5583451640&min_timestamp=None&rank_token=33452870298_326ee2c7-3e45-4f5e-aa10-4440597b5b8e&ranked_content=true returned response: <Response [200]>
2020-04-27 21:57:13,730 - instabot version: 0.117.0 (api) - DEBUG - GET to endpoint: feed/user/5583451640/?max_id=1881935403410302473_5583451640&min_timestamp=None&rank_token=33452870298_326ee2c7-3e45-4f5e-aa10-4440597b5b8e&ranked_content=true returned response: <Response [200]>
2020-04-27 21:57:14,151 - instabot version: 0.117.0 (api) - DEBUG - GET to endpoint: feed/user/5583451640/?max_id=1879154599026468396_5583451640&min_timestamp=None&rank_token=33452870298_326ee2c7-3e45-4f5e-aa10-4440597b5b8e&ranked_content=true returned response: <Response [200]>
2020-04-27 21:57:14,652 - instabot version: 0.117.0 (api) - DEBUG - GET to endpoint: feed/user/5583451640/?max_id=1875093350613329659_5583451640&min_timestamp=None&rank_token=33452870298_326ee2c7-3e45-4f5e-aa10-4440597b5b8e&ranked_content=true returned response: <Response [200]>
2020-04-27 21:57:15,273 - instabot version: 0.117.0 (api) - DEBUG - GET to endpoint: feed/user/5583451640/?max_id=1872937115248152441_5583451640&min_timestamp=None&rank_token=33452870298_326ee2c7-3e45-4f5e-aa10-4440597b5b8e&ranked_content=true returned response: <Response [200]>
2020-04-27 21:57:16,494 - instabot version: 0.117.0 (api) - DEBUG - GET to endpoint: feed/user/5583451640/?max_id=1870352822873339436_5583451640&min_timestamp=None&rank_token=33452870298_326ee2c7-3e45-4f5e-aa10-4440597b5b8e&ranked_content=true returned response: <Response [200]>
2020-04-27 21:57:17,007 - instabot version: 0.117.0 (api) - DEBUG - GET to endpoint: feed/user/5583451640/?max_id=1866291948501810813_5583451640&min_timestamp=None&rank_token=33452870298_326ee2c7-3e45-4f5e-aa10-4440597b5b8e&ranked_content=true returned response: <Response [200]>
2020-04-27 21:57:17,523 - instabot version: 0.117.0 (api) - DEBUG - GET to endpoint: feed/user/5583451640/?max_id=1863097097861890749_5583451640&min_timestamp=None&rank_token=33452870298_326ee2c7-3e45-4f5e-aa10-4440597b5b8e&ranked_content=true returned response: <Response [200]>
2020-04-27 21:57:18,237 - instabot version: 0.117.0 (api) - DEBUG - GET to endpoint: feed/user/5583451640/?max_id=1860519443753166502_5583451640&min_timestamp=None&rank_token=33452870298_326ee2c7-3e45-4f5e-aa10-4440597b5b8e&ranked_content=true returned response: <Response [200]>
2020-04-27 21:57:18,837 - instabot version: 0.117.0 (api) - DEBUG - GET to endpoint: feed/user/5583451640/?max_id=1856740789709502024_5583451640&min_timestamp=None&rank_token=33452870298_326ee2c7-3e45-4f5e-aa10-4440597b5b8e&ranked_content=true returned response: <Response [200]>
2020-04-27 21:57:19,361 - instabot version: 0.117.0 (api) - DEBUG - GET to endpoint: feed/user/5583451640/?max_id=1854091636424819909_5583451640&min_timestamp=None&rank_token=33452870298_326ee2c7-3e45-4f5e-aa10-4440597b5b8e&ranked_content=true returned response: <Response [200]>
2020-04-27 21:57:19,799 - instabot version: 0.117.0 (api) - DEBUG - GET to endpoint: feed/user/5583451640/?max_id=1851687307541557536_5583451640&min_timestamp=None&rank_token=33452870298_326ee2c7-3e45-4f5e-aa10-4440597b5b8e&ranked_content=true returned response: <Response [200]>
2020-04-27 21:57:20,383 - instabot version: 0.117.0 (api) - DEBUG - GET to endpoint: feed/user/5583451640/?max_id=1848912338894188893_5583451640&min_timestamp=None&rank_token=33452870298_326ee2c7-3e45-4f5e-aa10-4440597b5b8e&ranked_content=true returned response: <Response [200]>
2020-04-27 21:57:21,003 - instabot version: 0.117.0 (api) - DEBUG - GET to endpoint: feed/user/5583451640/?max_id=1845871679375386013_5583451640&min_timestamp=None&rank_token=33452870298_326ee2c7-3e45-4f5e-aa10-4440597b5b8e&ranked_content=true returned response: <Response [200]>
2020-04-27 21:57:21,512 - instabot version: 0.117.0 (api) - DEBUG - GET to endpoint: feed/user/5583451640/?max_id=1843527249574038368_5583451640&min_timestamp=None&rank_token=33452870298_326ee2c7-3e45-4f5e-aa10-4440597b5b8e&ranked_content=true returned response: <Response [200]>
2020-04-27 21:57:22,028 - instabot version: 0.117.0 (api) - DEBUG - GET to endpoint: feed/user/5583451640/?max_id=1840613214985834746_5583451640&min_timestamp=None&rank_token=33452870298_326ee2c7-3e45-4f5e-aa10-4440597b5b8e&ranked_content=true returned response: <Response [200]>
2020-04-27 21:57:22,544 - instabot version: 0.117.0 (api) - DEBUG - GET to endpoint: feed/user/5583451640/?max_id=1838139080326354527_5583451640&min_timestamp=None&rank_token=33452870298_326ee2c7-3e45-4f5e-aa10-4440597b5b8e&ranked_content=true returned response: <Response [200]>
2020-04-27 21:57:23,671 - instabot version: 0.117.0 (api) - DEBUG - GET to endpoint: feed/user/5583451640/?max_id=1835850472961864476_5583451640&min_timestamp=None&rank_token=33452870298_326ee2c7-3e45-4f5e-aa10-4440597b5b8e&ranked_content=true returned response: <Response [200]>
2020-04-27 21:57:24,278 - instabot version: 0.117.0 (api) - DEBUG - GET to endpoint: feed/user/5583451640/?max_id=1833091889220213419_5583451640&min_timestamp=None&rank_token=33452870298_326ee2c7-3e45-4f5e-aa10-4440597b5b8e&ranked_content=true returned response: <Response [200]>
2020-04-27 21:57:24,755 - instabot version: 0.117.0 (api) - DEBUG - GET to endpoint: feed/user/5583451640/?max_id=1829868460237088562_5583451640&min_timestamp=None&rank_token=33452870298_326ee2c7-3e45-4f5e-aa10-4440597b5b8e&ranked_content=true returned response: <Response [200]>
2020-04-27 21:57:25,302 - instabot version: 0.117.0 (api) - DEBUG - GET to endpoint: feed/user/5583451640/?max_id=1827284868042577721_5583451640&min_timestamp=None&rank_token=33452870298_326ee2c7-3e45-4f5e-aa10-4440597b5b8e&ranked_content=true returned response: <Response [200]>
2020-04-27 21:57:25,814 - instabot version: 0.117.0 (api) - DEBUG - GET to endpoint: feed/user/5583451640/?max_id=1824977221851048400_5583451640&min_timestamp=None&rank_token=33452870298_326ee2c7-3e45-4f5e-aa10-4440597b5b8e&ranked_content=true returned response: <Response [200]>
2020-04-27 21:57:26,326 - instabot version: 0.117.0 (api) - DEBUG - GET to endpoint: feed/user/5583451640/?max_id=1822619904941877145_5583451640&min_timestamp=None&rank_token=33452870298_326ee2c7-3e45-4f5e-aa10-4440597b5b8e&ranked_content=true returned response: <Response [200]>
2020-04-27 21:57:26,841 - instabot version: 0.117.0 (api) - DEBUG - GET to endpoint: feed/user/5583451640/?max_id=1820025219308140142_5583451640&min_timestamp=None&rank_token=33452870298_326ee2c7-3e45-4f5e-aa10-4440597b5b8e&ranked_content=true returned response: <Response [200]>
2020-04-27 21:57:27,451 - instabot version: 0.117.0 (api) - DEBUG - GET to endpoint: feed/user/5583451640/?max_id=1817127451430478384_5583451640&min_timestamp=None&rank_token=33452870298_326ee2c7-3e45-4f5e-aa10-4440597b5b8e&ranked_content=true returned response: <Response [200]>
2020-04-27 21:57:27,963 - instabot version: 0.117.0 (api) - DEBUG - GET to endpoint: feed/user/5583451640/?max_id=1814829936144207088_5583451640&min_timestamp=None&rank_token=33452870298_326ee2c7-3e45-4f5e-aa10-4440597b5b8e&ranked_content=true returned response: <Response [200]>
2020-04-27 21:57:28,577 - instabot version: 0.117.0 (api) - DEBUG - GET to endpoint: feed/user/5583451640/?max_id=1812477312633975738_5583451640&min_timestamp=None&rank_token=33452870298_326ee2c7-3e45-4f5e-aa10-4440597b5b8e&ranked_content=true returned response: <Response [200]>
2020-04-27 21:57:29,191 - instabot version: 0.117.0 (api) - DEBUG - GET to endpoint: feed/user/5583451640/?max_id=1809884034199551512_5583451640&min_timestamp=None&rank_token=33452870298_326ee2c7-3e45-4f5e-aa10-4440597b5b8e&ranked_content=true returned response: <Response [200]>
2020-04-27 21:57:29,705 - instabot version: 0.117.0 (api) - DEBUG - GET to endpoint: feed/user/5583451640/?max_id=1807581879107263987_5583451640&min_timestamp=None&rank_token=33452870298_326ee2c7-3e45-4f5e-aa10-4440597b5b8e&ranked_content=true returned response: <Response [200]>
2020-04-27 21:57:30,321 - instabot version: 0.117.0 (api) - DEBUG - GET to endpoint: feed/user/5583451640/?max_id=1804684351000831788_5583451640&min_timestamp=None&rank_token=33452870298_326ee2c7-3e45-4f5e-aa10-4440597b5b8e&ranked_content=true returned response: <Response [200]>
2020-04-27 21:57:30,831 - instabot version: 0.117.0 (api) - DEBUG - GET to endpoint: feed/user/5583451640/?max_id=1802176414613385251_5583451640&min_timestamp=None&rank_token=33452870298_326ee2c7-3e45-4f5e-aa10-4440597b5b8e&ranked_content=true returned response: <Response [200]>
2020-04-27 21:57:31,449 - instabot version: 0.117.0 (api) - DEBUG - GET to endpoint: feed/user/5583451640/?max_id=1798825721756267002_5583451640&min_timestamp=None&rank_token=33452870298_326ee2c7-3e45-4f5e-aa10-4440597b5b8e&ranked_content=true returned response: <Response [200]>
2020-04-27 21:57:31,961 - instabot version: 0.117.0 (api) - DEBUG - GET to endpoint: feed/user/5583451640/?max_id=1795379425317899115_5583451640&min_timestamp=None&rank_token=33452870298_326ee2c7-3e45-4f5e-aa10-4440597b5b8e&ranked_content=true returned response: <Response [200]>
2020-04-27 21:57:32,470 - instabot version: 0.117.0 (api) - DEBUG - GET to endpoint: feed/user/5583451640/?max_id=1792905596397997654_5583451640&min_timestamp=None&rank_token=33452870298_326ee2c7-3e45-4f5e-aa10-4440597b5b8e&ranked_content=true returned response: <Response [200]>
2020-04-27 21:57:32,978 - instabot version: 0.117.0 (api) - DEBUG - GET to endpoint: feed/user/5583451640/?max_id=1789841871998962044_5583451640&min_timestamp=None&rank_token=33452870298_326ee2c7-3e45-4f5e-aa10-4440597b5b8e&ranked_content=true returned response: <Response [200]>
2020-04-27 21:57:33,599 - instabot version: 0.117.0 (api) - DEBUG - GET to endpoint: feed/user/5583451640/?max_id=1785965509487638594_5583451640&min_timestamp=None&rank_token=33452870298_326ee2c7-3e45-4f5e-aa10-4440597b5b8e&ranked_content=true returned response: <Response [200]>
2020-04-27 21:57:34,106 - instabot version: 0.117.0 (api) - DEBUG - GET to endpoint: feed/user/5583451640/?max_id=1781309241095428677_5583451640&min_timestamp=None&rank_token=33452870298_326ee2c7-3e45-4f5e-aa10-4440597b5b8e&ranked_content=true returned response: <Response [200]>
2020-04-27 21:57:34,624 - instabot version: 0.117.0 (api) - DEBUG - GET to endpoint: feed/user/5583451640/?max_id=1777690180344118806_5583451640&min_timestamp=None&rank_token=33452870298_326ee2c7-3e45-4f5e-aa10-4440597b5b8e&ranked_content=true returned response: <Response [200]>
2020-04-27 21:57:35,136 - instabot version: 0.117.0 (api) - DEBUG - GET to endpoint: feed/user/5583451640/?max_id=1774062660151432089_5583451640&min_timestamp=None&rank_token=33452870298_326ee2c7-3e45-4f5e-aa10-4440597b5b8e&ranked_content=true returned response: <Response [200]>
2020-04-27 21:57:35,646 - instabot version: 0.117.0 (api) - DEBUG - GET to endpoint: feed/user/5583451640/?max_id=1769290406393906144_5583451640&min_timestamp=None&rank_token=33452870298_326ee2c7-3e45-4f5e-aa10-4440597b5b8e&ranked_content=true returned response: <Response [200]>
2020-04-27 21:57:36,160 - instabot version: 0.117.0 (api) - DEBUG - GET to endpoint: feed/user/5583451640/?max_id=1766089407046915417_5583451640&min_timestamp=None&rank_token=33452870298_326ee2c7-3e45-4f5e-aa10-4440597b5b8e&ranked_content=true returned response: <Response [200]>
2020-04-27 21:57:36,770 - instabot version: 0.117.0 (api) - DEBUG - GET to endpoint: feed/user/5583451640/?max_id=1762045911570985107_5583451640&min_timestamp=None&rank_token=33452870298_326ee2c7-3e45-4f5e-aa10-4440597b5b8e&ranked_content=true returned response: <Response [200]>
2020-04-27 21:57:37,282 - instabot version: 0.117.0 (api) - DEBUG - GET to endpoint: feed/user/5583451640/?max_id=1758420263655958091_5583451640&min_timestamp=None&rank_token=33452870298_326ee2c7-3e45-4f5e-aa10-4440597b5b8e&ranked_content=true returned response: <Response [200]>
2020-04-27 21:57:37,707 - instabot version: 0.117.0 (api) - DEBUG - GET to endpoint: feed/user/5583451640/?max_id=1754801293862316572_5583451640&min_timestamp=None&rank_token=33452870298_326ee2c7-3e45-4f5e-aa10-4440597b5b8e&ranked_content=true returned response: <Response [200]>
2020-04-27 21:57:38,309 - instabot version: 0.117.0 (api) - DEBUG - GET to endpoint: feed/user/5583451640/?max_id=1751049187078489393_5583451640&min_timestamp=None&rank_token=33452870298_326ee2c7-3e45-4f5e-aa10-4440597b5b8e&ranked_content=true returned response: <Response [200]>
2020-04-27 21:57:38,924 - instabot version: 0.117.0 (api) - DEBUG - GET to endpoint: feed/user/5583451640/?max_id=1747246612575350753_5583451640&min_timestamp=None&rank_token=33452870298_326ee2c7-3e45-4f5e-aa10-4440597b5b8e&ranked_content=true returned response: <Response [200]>
2020-04-27 21:57:39,435 - instabot version: 0.117.0 (api) - DEBUG - GET to endpoint: feed/user/5583451640/?max_id=1740179614271931002_5583451640&min_timestamp=None&rank_token=33452870298_326ee2c7-3e45-4f5e-aa10-4440597b5b8e&ranked_content=true returned response: <Response [200]>
2020-04-27 21:57:40,052 - instabot version: 0.117.0 (api) - DEBUG - GET to endpoint: feed/user/5583451640/?max_id=1736666739087756673_5583451640&min_timestamp=None&rank_token=33452870298_326ee2c7-3e45-4f5e-aa10-4440597b5b8e&ranked_content=true returned response: <Response [200]>
2020-04-27 21:57:40,562 - instabot version: 0.117.0 (api) - DEBUG - GET to endpoint: feed/user/5583451640/?max_id=1733558855260710942_5583451640&min_timestamp=None&rank_token=33452870298_326ee2c7-3e45-4f5e-aa10-4440597b5b8e&ranked_content=true returned response: <Response [200]>
2020-04-27 21:57:41,171 - instabot version: 0.117.0 (api) - DEBUG - GET to endpoint: feed/user/5583451640/?max_id=1729428413741999829_5583451640&min_timestamp=None&rank_token=33452870298_326ee2c7-3e45-4f5e-aa10-4440597b5b8e&ranked_content=true returned response: <Response [200]>
2020-04-27 21:57:41,791 - instabot version: 0.117.0 (api) - DEBUG - GET to endpoint: feed/user/5583451640/?max_id=1722923886494717503_5583451640&min_timestamp=None&rank_token=33452870298_326ee2c7-3e45-4f5e-aa10-4440597b5b8e&ranked_content=true returned response: <Response [200]>
2020-04-27 21:57:42,402 - instabot version: 0.117.0 (api) - DEBUG - GET to endpoint: feed/user/5583451640/?max_id=1720505157005828322_5583451640&min_timestamp=None&rank_token=33452870298_326ee2c7-3e45-4f5e-aa10-4440597b5b8e&ranked_content=true returned response: <Response [200]>
2020-04-27 21:57:42,914 - instabot version: 0.117.0 (api) - DEBUG - GET to endpoint: feed/user/5583451640/?max_id=1717701251250916604_5583451640&min_timestamp=None&rank_token=33452870298_326ee2c7-3e45-4f5e-aa10-4440597b5b8e&ranked_content=true returned response: <Response [200]>
2020-04-27 21:57:43,427 - instabot version: 0.117.0 (api) - DEBUG - GET to endpoint: feed/user/5583451640/?max_id=1713963442639882218_5583451640&min_timestamp=None&rank_token=33452870298_326ee2c7-3e45-4f5e-aa10-4440597b5b8e&ranked_content=true returned response: <Response [200]>
2020-04-27 21:57:43,939 - instabot version: 0.117.0 (api) - DEBUG - GET to endpoint: feed/user/5583451640/?max_id=1710363189592374961_5583451640&min_timestamp=None&rank_token=33452870298_326ee2c7-3e45-4f5e-aa10-4440597b5b8e&ranked_content=true returned response: <Response [200]>
2020-04-27 21:57:44,554 - instabot version: 0.117.0 (api) - DEBUG - GET to endpoint: feed/user/5583451640/?max_id=1702461265559760348_5583451640&min_timestamp=None&rank_token=33452870298_326ee2c7-3e45-4f5e-aa10-4440597b5b8e&ranked_content=true returned response: <Response [200]>
2020-04-27 21:57:45,073 - instabot version: 0.117.0 (api) - DEBUG - GET to endpoint: feed/user/5583451640/?max_id=1698109498244184946_5583451640&min_timestamp=None&rank_token=33452870298_326ee2c7-3e45-4f5e-aa10-4440597b5b8e&ranked_content=true returned response: <Response [200]>
2020-04-27 21:57:45,782 - instabot version: 0.117.0 (api) - DEBUG - GET to endpoint: feed/user/5583451640/?max_id=1693880571875237030_5583451640&min_timestamp=None&rank_token=33452870298_326ee2c7-3e45-4f5e-aa10-4440597b5b8e&ranked_content=true returned response: <Response [200]>
2020-04-27 21:57:46,397 - instabot version: 0.117.0 (api) - DEBUG - GET to endpoint: feed/user/5583451640/?max_id=1689393355031479483_5583451640&min_timestamp=None&rank_token=33452870298_326ee2c7-3e45-4f5e-aa10-4440597b5b8e&ranked_content=true returned response: <Response [200]>
2020-04-27 21:57:47,013 - instabot version: 0.117.0 (api) - DEBUG - GET to endpoint: feed/user/5583451640/?max_id=1684324797612167560_5583451640&min_timestamp=None&rank_token=33452870298_326ee2c7-3e45-4f5e-aa10-4440597b5b8e&ranked_content=true returned response: <Response [200]>
2020-04-27 21:57:47,618 - instabot version: 0.117.0 (api) - DEBUG - GET to endpoint: feed/user/5583451640/?max_id=1680113930859423341_5583451640&min_timestamp=None&rank_token=33452870298_326ee2c7-3e45-4f5e-aa10-4440597b5b8e&ranked_content=true returned response: <Response [200]>
2020-04-27 21:57:48,241 - instabot version: 0.117.0 (api) - DEBUG - GET to endpoint: feed/user/5583451640/?max_id=1674197143680543908_5583451640&min_timestamp=None&rank_token=33452870298_326ee2c7-3e45-4f5e-aa10-4440597b5b8e&ranked_content=true returned response: <Response [200]>
2020-04-27 21:57:48,858 - instabot version: 0.117.0 (api) - DEBUG - GET to endpoint: feed/user/5583451640/?max_id=1669143229215021264_5583451640&min_timestamp=None&rank_token=33452870298_326ee2c7-3e45-4f5e-aa10-4440597b5b8e&ranked_content=true returned response: <Response [200]>
2020-04-27 21:57:49,470 - instabot version: 0.117.0 (api) - DEBUG - GET to endpoint: feed/user/5583451640/?max_id=1663462296851033318_5583451640&min_timestamp=None&rank_token=33452870298_326ee2c7-3e45-4f5e-aa10-4440597b5b8e&ranked_content=true returned response: <Response [200]>
2020-04-27 21:57:49,997 - instabot version: 0.117.0 (api) - DEBUG - GET to endpoint: feed/user/5583451640/?max_id=1656620656060283134_5583451640&min_timestamp=None&rank_token=33452870298_326ee2c7-3e45-4f5e-aa10-4440597b5b8e&ranked_content=true returned response: <Response [200]>
2020-04-27 21:57:50,697 - instabot version: 0.117.0 (api) - DEBUG - GET to endpoint: feed/user/5583451640/?max_id=1652271823742471624_5583451640&min_timestamp=None&rank_token=33452870298_326ee2c7-3e45-4f5e-aa10-4440597b5b8e&ranked_content=true returned response: <Response [200]>
2020-04-27 21:57:51,316 - instabot version: 0.117.0 (api) - DEBUG - GET to endpoint: feed/user/5583451640/?max_id=1646777824093109453_5583451640&min_timestamp=None&rank_token=33452870298_326ee2c7-3e45-4f5e-aa10-4440597b5b8e&ranked_content=true returned response: <Response [200]>
2020-04-27 21:57:51,927 - instabot version: 0.117.0 (api) - DEBUG - GET to endpoint: feed/user/5583451640/?max_id=1643572216816594774_5583451640&min_timestamp=None&rank_token=33452870298_326ee2c7-3e45-4f5e-aa10-4440597b5b8e&ranked_content=true returned response: <Response [200]>
2020-04-27 21:57:52,444 - instabot version: 0.117.0 (api) - DEBUG - GET to endpoint: feed/user/5583451640/?max_id=1637957126511886992_5583451640&min_timestamp=None&rank_token=33452870298_326ee2c7-3e45-4f5e-aa10-4440597b5b8e&ranked_content=true returned response: <Response [200]>
2020-04-27 21:57:52,945 - instabot version: 0.117.0 (api) - DEBUG - GET to endpoint: feed/user/5583451640/?max_id=1632155608504251207_5583451640&min_timestamp=None&rank_token=33452870298_326ee2c7-3e45-4f5e-aa10-4440597b5b8e&ranked_content=true returned response: <Response [200]>
2020-04-27 21:57:53,567 - instabot version: 0.117.0 (api) - DEBUG - GET to endpoint: feed/user/5583451640/?max_id=1626903647567642927_5583451640&min_timestamp=None&rank_token=33452870298_326ee2c7-3e45-4f5e-aa10-4440597b5b8e&ranked_content=true returned response: <Response [200]>
2020-04-27 21:57:54,180 - instabot version: 0.117.0 (api) - DEBUG - GET to endpoint: feed/user/5583451640/?max_id=1621436204036646946_5583451640&min_timestamp=None&rank_token=33452870298_326ee2c7-3e45-4f5e-aa10-4440597b5b8e&ranked_content=true returned response: <Response [200]>
2020-04-27 21:57:54,797 - instabot version: 0.117.0 (api) - DEBUG - GET to endpoint: feed/user/5583451640/?max_id=1617089013100577413_5583451640&min_timestamp=None&rank_token=33452870298_326ee2c7-3e45-4f5e-aa10-4440597b5b8e&ranked_content=true returned response: <Response [200]>
2020-04-27 21:57:55,309 - instabot version: 0.117.0 (api) - DEBUG - GET to endpoint: feed/user/5583451640/?max_id=1610565409051730751_5583451640&min_timestamp=None&rank_token=33452870298_326ee2c7-3e45-4f5e-aa10-4440597b5b8e&ranked_content=true returned response: <Response [200]>
2020-04-27 21:57:55,925 - instabot version: 0.117.0 (api) - DEBUG - GET to endpoint: feed/user/5583451640/?max_id=1603741922987192202_5583451640&min_timestamp=None&rank_token=33452870298_326ee2c7-3e45-4f5e-aa10-4440597b5b8e&ranked_content=true returned response: <Response [200]>
2020-04-27 21:57:56,538 - instabot version: 0.117.0 (api) - DEBUG - GET to endpoint: feed/user/5583451640/?max_id=1599394200633107692_5583451640&min_timestamp=None&rank_token=33452870298_326ee2c7-3e45-4f5e-aa10-4440597b5b8e&ranked_content=true returned response: <Response [200]>
2020-04-27 21:57:57,150 - instabot version: 0.117.0 (api) - DEBUG - GET to endpoint: feed/user/5583451640/?max_id=1593043940658697648_5583451640&min_timestamp=None&rank_token=33452870298_326ee2c7-3e45-4f5e-aa10-4440597b5b8e&ranked_content=true returned response: <Response [200]>
2020-04-27 21:57:57,702 - instabot version: 0.117.0 (api) - DEBUG - GET to endpoint: feed/user/5583451640/?max_id=1584362088943085756_5583451640&min_timestamp=None&rank_token=33452870298_326ee2c7-3e45-4f5e-aa10-4440597b5b8e&ranked_content=true returned response: <Response [200]>
2020-04-27 21:57:58,275 - instabot version: 0.117.0 (api) - DEBUG - GET to endpoint: feed/user/5583451640/?max_id=1579828850367269645_5583451640&min_timestamp=None&rank_token=33452870298_326ee2c7-3e45-4f5e-aa10-4440597b5b8e&ranked_content=true returned response: <Response [200]>
2020-04-27 21:57:58,893 - instabot version: 0.117.0 (api) - DEBUG - GET to endpoint: feed/user/5583451640/?max_id=1572757699518412987_5583451640&min_timestamp=None&rank_token=33452870298_326ee2c7-3e45-4f5e-aa10-4440597b5b8e&ranked_content=true returned response: <Response [200]>
2020-04-27 21:57:59,504 - instabot version: 0.117.0 (api) - DEBUG - GET to endpoint: feed/user/5583451640/?max_id=1568228370436501762_5583451640&min_timestamp=None&rank_token=33452870298_326ee2c7-3e45-4f5e-aa10-4440597b5b8e&ranked_content=true returned response: <Response [200]>
2020-04-27 21:58:00,022 - instabot version: 0.117.0 (api) - DEBUG - GET to endpoint: feed/user/5583451640/?max_id=1562434863020954746_5583451640&min_timestamp=None&rank_token=33452870298_326ee2c7-3e45-4f5e-aa10-4440597b5b8e&ranked_content=true returned response: <Response [200]>
2020-04-27 21:58:00,653 - instabot version: 0.117.0 (api) - DEBUG - GET to endpoint: feed/user/5583451640/?max_id=1557360493906911806_5583451640&min_timestamp=None&rank_token=33452870298_326ee2c7-3e45-4f5e-aa10-4440597b5b8e&ranked_content=true returned response: <Response [200]>
2020-04-27 21:58:01,382 - instabot version: 0.117.0 (api) - DEBUG - GET to endpoint: feed/user/5583451640/?max_id=1551562498603148334_5583451640&min_timestamp=None&rank_token=33452870298_326ee2c7-3e45-4f5e-aa10-4440597b5b8e&ranked_content=true returned response: <Response [200]>
2020-04-27 21:58:01,963 - instabot version: 0.117.0 (api) - DEBUG - GET to endpoint: feed/user/5583451640/?max_id=1546061626594885704_5583451640&min_timestamp=None&rank_token=33452870298_326ee2c7-3e45-4f5e-aa10-4440597b5b8e&ranked_content=true returned response: <Response [200]>
2020-04-27 21:58:02,125 - instabot version: 0.117.0 (bot_checkpoint) - DEBUG - Saving Checkpoint file to: C:\Users\Simome\Desktop\git\Python\Python\Instagram Project/config/teste131570.checkpoint
2020-04-27 21:58:02,126 - instabot version: 0.117.0 (bot) - INFO - Total requests: 210
