2020-04-27 15:46:53,430 - instabot version: 0.117.0 (bot) - INFO - Instabot version: 0.117.0 Started
2020-04-27 15:46:53,431 - instabot version: 0.117.0 (bot) - DEBUG - Bot imported from C:\Users\Simome\AppData\Local\Programs\Python\Python36\lib\site-packages\instabot\bot\bot.py
2020-04-27 15:46:53,437 - instabot version: 0.117.0 (api_login) - INFO - Not yet logged in starting: PRE-LOGIN FLOW!
2020-04-27 15:46:54,271 - instabot version: 0.117.0 (api) - DEBUG - POST to endpoint: accounts/get_prefill_candidates/ returned response: <Response [200]>
2020-04-27 15:46:54,585 - instabot version: 0.117.0 (api) - DEBUG - POST to endpoint: qe/sync/ returned response: <Response [200]>
2020-04-27 15:46:54,884 - instabot version: 0.117.0 (api) - DEBUG - POST to endpoint: launcher/sync/ returned response: <Response [200]>
2020-04-27 15:46:55,163 - instabot version: 0.117.0 (api) - DEBUG - POST to endpoint: accounts/contact_point_prefill/ returned response: <Response [200]>
2020-04-27 15:46:57,247 - instabot version: 0.117.0 (api) - DEBUG - POST to endpoint: accounts/login/ returned response: <Response [200]>
2020-04-27 15:46:57,248 - instabot version: 0.117.0 (api) - INFO - Logged-in successfully as 'teste131570'!
2020-04-27 15:46:57,251 - instabot version: 0.117.0 (api_login) - INFO - LOGIN FLOW! Just logged-in: True
2020-04-27 15:46:57,651 - instabot version: 0.117.0 (api) - DEBUG - POST to endpoint: qe/sync/ returned response: <Response [200]>
2020-04-27 15:46:57,887 - instabot version: 0.117.0 (api) - DEBUG - POST to endpoint: launcher/sync/ returned response: <Response [200]>
2020-04-27 15:46:58,129 - instabot version: 0.117.0 (api) - DEBUG - GET to endpoint: zr/token/result/?device_id=android-ad9c377756647719&token_hash=&custom_device_id=android-ad9c377756647719&fetch_reason=token_expired returned response: <Response [200]>
2020-04-27 15:46:58,382 - instabot version: 0.117.0 (api) - DEBUG - GET to endpoint: multiple_accounts/get_account_family/ returned response: <Response [200]>
2020-04-27 15:46:58,678 - instabot version: 0.117.0 (api) - DEBUG - POST to endpoint: qe/sync/ returned response: <Response [200]>
2020-04-27 15:46:59,085 - instabot version: 0.117.0 (api) - DEBUG - GET to endpoint: igtv/browse_feed/?prefetch=1 returned response: <Response [200]>
2020-04-27 15:46:59,394 - instabot version: 0.117.0 (api) - DEBUG - POST to endpoint: creatives/ar_class/ returned response: <Response [200]>
2020-04-27 15:46:59,922 - instabot version: 0.117.0 (api) - DEBUG - POST to endpoint: feed/reels_tray/ returned response: <Response [200]>
2020-04-27 15:47:01,143 - instabot version: 0.117.0 (api) - DEBUG - POST to endpoint: feed/timeline/ returned response: <Response [200]>
2020-04-27 15:47:01,442 - instabot version: 0.117.0 (api) - DEBUG - GET to endpoint: media/blocked/ returned response: <Response [200]>
2020-04-27 15:47:01,953 - instabot version: 0.117.0 (api) - DEBUG - GET to endpoint: news/inbox/ returned response: <Response [200]>
2020-04-27 15:47:02,260 - instabot version: 0.117.0 (api) - DEBUG - GET to endpoint: loom/fetch_config/ returned response: <Response [200]>
2020-04-27 15:47:02,984 - instabot version: 0.117.0 (api) - DEBUG - GET to endpoint: scores/bootstrap/users/?surfaces=["autocomplete_user_list","coefficient_besties_list_ranking","coefficient_rank_recipient_user_suggestion","coefficient_ios_section_test_bootstrap_ranking","coefficient_direct_recipients_ranking_variant_2"] returned response: <Response [200]>
2020-04-27 15:47:03,283 - instabot version: 0.117.0 (api) - DEBUG - GET to endpoint: business/eligibility/get_monetization_products_eligibility_data/?product_types=branded_content returned response: <Response [200]>
2020-04-27 15:47:03,593 - instabot version: 0.117.0 (api) - DEBUG - GET to endpoint: business/branded_content/should_require_professional_account/ returned response: <Response [200]>
2020-04-27 15:47:03,898 - instabot version: 0.117.0 (api) - DEBUG - GET to endpoint: linked_accounts/get_linkage_status/ returned response: <Response [200]>
2020-04-27 15:47:04,158 - instabot version: 0.117.0 (api) - DEBUG - GET to endpoint: locations/request_country/ returned response: <Response [200]>
2020-04-27 15:47:04,514 - instabot version: 0.117.0 (api) - DEBUG - GET to endpoint: qp/get_cooldowns/?signed_body=signed_body=4b9c516a5410a3bc128e09c6104a7f042146b9c2023870560c63a43a7f66781c.4&ig_sig_key_version=4&ig_sig_key_version=4 returned response: <Response [200]>
2020-04-27 15:47:04,823 - instabot version: 0.117.0 (api) - DEBUG - GET to endpoint: users/arlink_download_info/?version_override=2.2.1 returned response: <Response [200]>
2020-04-27 15:47:05,334 - instabot version: 0.117.0 (api) - DEBUG - GET to endpoint: users/33452870298/info/ returned response: <Response [200]>
2020-04-27 15:47:05,638 - instabot version: 0.117.0 (api) - DEBUG - GET to endpoint: direct_v2/get_presence/ returned response: <Response [200]>
2020-04-27 15:47:05,948 - instabot version: 0.117.0 (api) - DEBUG - GET to endpoint: direct_v2/inbox/?visual_message_return_type=unseen&thread_message_limit=10&persistentBadging=true&limit=20 returned response: <Response [200]>
2020-04-27 15:47:06,256 - instabot version: 0.117.0 (api) - DEBUG - GET to endpoint: direct_v2/inbox/?visual_message_return_type=unseen&persistentBadging=true&limit=0 returned response: <Response [200]>
2020-04-27 15:47:08,117 - instabot version: 0.117.0 (api) - DEBUG - GET to endpoint: discover/topical_explore/?is_prefetch=true&omit_cover_media=true&use_sectional_payload=true&timezone_offset=0&session_id=df2c0b19-ab25-4c75-98e1-c2c27cb7956b&include_fixed_destinations=true returned response: <Response [200]>
2020-04-27 15:47:08,405 - instabot version: 0.117.0 (api) - DEBUG - POST to endpoint: notifications/badge/ returned response: <Response [200]>
2020-04-27 15:47:08,815 - instabot version: 0.117.0 (api) - DEBUG - POST to endpoint: qp/batch_fetch/ returned response: <Response [200]>
2020-04-27 15:47:08,819 - instabot version: 0.117.0 (bot_checkpoint) - DEBUG - Loading Checkpoint file from: C:\Users\Simome\Desktop\git\Python\Python\Instagram Project/config/teste131570.checkpoint
2020-04-27 15:47:31,242 - instabot version: 0.117.0 (api) - DEBUG - POST to endpoint: media/configure/? returned response: <Response [200]>
2020-04-27 15:47:31,546 - instabot version: 0.117.0 (api) - DEBUG - POST to endpoint: qe/expose/ returned response: <Response [200]>
2020-04-27 15:47:31,550 - instabot version: 0.117.0 (bot_photo) - INFO - Photo '0.jpg' is uploaded.
2020-04-27 15:47:31,551 - instabot version: 0.117.0 (bot_checkpoint) - DEBUG - Saving Checkpoint file to: C:\Users\Simome\Desktop\git\Python\Python\Instagram Project/config/teste131570.checkpoint
2020-04-27 15:47:31,552 - instabot version: 0.117.0 (bot) - INFO - Total requests: 33
